{
  "timestamp": "2025-04-05T03:18:48.613Z",
  "summary": {
    "total": 3,
    "success": 1,
    "failure": 2
  },
  "tests": {
    "auth": {
      "status": "success",
      "output": "API URL: http://localhost:5000/api/v1\n\n------- èªè¨¼APIãƒ†ã‚¹ãƒˆé–‹å§‹ -------\n\nğŸ” ãƒ†ã‚¹ãƒˆ1: ãƒ­ã‚°ã‚¤ãƒ³API\nãƒ†ã‚¹ãƒˆå®Ÿè¡Œä¸­ã«ã‚¨ãƒ©ãƒ¼ãŒç™ºç”Ÿã—ã¾ã—ãŸ: Error: connect ECONNREFUSED ::1:5000\n    at TCPConnectWrap.afterConnect [as oncomplete] (node:net:1555:16) {\n  errno: -61,\n  code: 'ECONNREFUSED',\n  syscall: 'connect',\n  address: '::1',\n  port: 5000\n}\n"
    },
    "compatibility": {
      "status": "failure",
      "exitCode": 1,
      "output": "\u001b[34m[2025-04-05T03:18:48.403Z] [INFO] ãƒ†ã‚¹ãƒˆ \"team-compatibility-test\" ã‚’é–‹å§‹ã—ã¾ã™...\u001b[0m\n\u001b[34m[2025-04-05T03:18:48.404Z] [INFO] ãƒ†ã‚¹ãƒˆç’°å¢ƒ: development\u001b[0m\n\u001b[34m[2025-04-05T03:18:48.404Z] [INFO] API URL: http://localhost:5001/api/v1\u001b[0m\n\u001b[33m[2025-04-05T03:18:48.413Z] [WARN] ãƒ‡ãƒ•ã‚©ãƒ«ãƒˆAPIã‚µãƒ¼ãƒãƒ¼ãŒå¿œç­”ã—ã¾ã›ã‚“ã€‚ä»£æ›¿ã‚’è©¦è¡Œä¸­...\u001b[0m\n\u001b[34m[2025-04-05T03:18:48.413Z] [INFO] ä»£æ›¿URL http://localhost:5002 ã‚’è©¦è¡Œä¸­...\u001b[0m\n\u001b[34m[2025-04-05T03:18:48.415Z] [INFO] ä»£æ›¿URL http://localhost:5000 ã‚’è©¦è¡Œä¸­...\u001b[0m\n\u001b[31m[2025-04-05T03:18:48.416Z] [ERROR] åˆ©ç”¨å¯èƒ½ãªAPIã‚µãƒ¼ãƒãƒ¼ãŒè¦‹ã¤ã‹ã‚Šã¾ã›ã‚“ã€‚ãƒ†ã‚¹ãƒˆã‚’ä¸­æ–­ã—ã¾ã™ã€‚\u001b[0m\n\u001b[31m[2025-04-05T03:18:48.416Z] [ERROR] ãƒ˜ãƒ«ã‚¹ãƒã‚§ãƒƒã‚¯ã‚¨ãƒ©ãƒ¼\u001b[0m\n\u001b[90m[2025-04-05T03:18:48.416Z] [ERROR_DETAILS] Error: API ã‚µãƒ¼ãƒãƒ¼ãŒå¿œç­”ã—ã¾ã›ã‚“\n    at TestRunner.setup (/Users/tatsuya/Desktop/ã‚·ã‚¹ãƒ†ãƒ é–‹ç™º/AppGenius2/patrolmanagement/TestLABO/lib/test-runner.js:78:17)\n    at process.processTicksAndRejections (node:internal/process/task_queues:95:5)\n    at async TestRunner.execute (/Users/tatsuya/Desktop/ã‚·ã‚¹ãƒ†ãƒ é–‹ç™º/AppGenius2/patrolmanagement/TestLABO/lib/test-runner.js:240:7)\n    at async run (/Users/tatsuya/Desktop/ã‚·ã‚¹ãƒ†ãƒ é–‹ç™º/AppGenius2/patrolmanagement/scripts/test-team-compatibility.js:355:20)\u001b[0m\n\u001b[31m[2025-04-05T03:18:48.416Z] [ERROR] ãƒ†ã‚¹ãƒˆå®Ÿè¡Œä¸­ã®ã‚¨ãƒ©ãƒ¼\u001b[0m\n\u001b[90m[2025-04-05T03:18:48.416Z] [ERROR_DETAILS] Error: API ã‚µãƒ¼ãƒãƒ¼ãŒå¿œç­”ã—ã¾ã›ã‚“\n    at TestRunner.setup (/Users/tatsuya/Desktop/ã‚·ã‚¹ãƒ†ãƒ é–‹ç™º/AppGenius2/patrolmanagement/TestLABO/lib/test-runner.js:78:17)\n    at process.processTicksAndRejections (node:internal/process/task_queues:95:5)\n    at async TestRunner.execute (/Users/tatsuya/Desktop/ã‚·ã‚¹ãƒ†ãƒ é–‹ç™º/AppGenius2/patrolmanagement/TestLABO/lib/test-runner.js:240:7)\n    at async run (/Users/tatsuya/Desktop/ã‚·ã‚¹ãƒ†ãƒ é–‹ç™º/AppGenius2/patrolmanagement/scripts/test-team-compatibility.js:355:20)\u001b[0m\n\u001b[34m[2025-04-05T03:18:48.416Z] [INFO] ===== ãƒ†ã‚¹ãƒˆçµæœã‚µãƒãƒªãƒ¼ =====\u001b[0m\n\u001b[34m[2025-04-05T03:18:48.416Z] [INFO] ãƒ†ã‚¹ãƒˆå: team-compatibility-test\u001b[0m\n\u001b[34m[2025-04-05T03:18:48.416Z] [INFO] å®Ÿè¡Œæ™‚é–“: 0.01ç§’\u001b[0m\n\u001b[34m[2025-04-05T03:18:48.416Z] [INFO] å®Ÿè¡Œãƒ†ã‚¹ãƒˆæ•°: 0\u001b[0m\n\u001b[34m[2025-04-05T03:18:48.416Z] [INFO] æˆåŠŸ: 0\u001b[0m\n\u001b[34m[2025-04-05T03:18:48.417Z] [INFO] å¤±æ•—: 0\u001b[0m\n\u001b[34m[2025-04-05T03:18:48.417Z] [INFO] å…¨ä½“çµæœ: æˆåŠŸ\u001b[0m\n\u001b[34m[2025-04-05T03:18:48.417Z] [INFO] ãƒ†ã‚¹ãƒˆãƒ¬ãƒãƒ¼ãƒˆãŒä¿å­˜ã•ã‚Œã¾ã—ãŸ: reports/tests/team-compatibility-test-2025-04-05T03-18-48.json\u001b[0m\nãƒ†ã‚¹ãƒˆå®Ÿè¡Œã‚¨ãƒ©ãƒ¼: API ã‚µãƒ¼ãƒãƒ¼ãŒå¿œç­”ã—ã¾ã›ã‚“\n"
    },
    "analytics": {
      "status": "failure",
      "exitCode": 1,
      "output": "\u001b[34m[2025-04-05T03:18:48.587Z] [INFO] ãƒ†ã‚¹ãƒˆ \"analytics-endpoints-test\" ã‚’é–‹å§‹ã—ã¾ã™...\u001b[0m\n\u001b[34m[2025-04-05T03:18:48.587Z] [INFO] ãƒ†ã‚¹ãƒˆç’°å¢ƒ: development\u001b[0m\n\u001b[34m[2025-04-05T03:18:48.587Z] [INFO] API URL: http://localhost:5001/api/v1\u001b[0m\n\u001b[33m[2025-04-05T03:18:48.595Z] [WARN] ãƒ‡ãƒ•ã‚©ãƒ«ãƒˆAPIã‚µãƒ¼ãƒãƒ¼ãŒå¿œç­”ã—ã¾ã›ã‚“ã€‚ä»£æ›¿ã‚’è©¦è¡Œä¸­...\u001b[0m\n\u001b[34m[2025-04-05T03:18:48.595Z] [INFO] ä»£æ›¿URL http://localhost:5002 ã‚’è©¦è¡Œä¸­...\u001b[0m\n\u001b[34m[2025-04-05T03:18:48.597Z] [INFO] ä»£æ›¿URL http://localhost:5000 ã‚’è©¦è¡Œä¸­...\u001b[0m\n\u001b[31m[2025-04-05T03:18:48.598Z] [ERROR] åˆ©ç”¨å¯èƒ½ãªAPIã‚µãƒ¼ãƒãƒ¼ãŒè¦‹ã¤ã‹ã‚Šã¾ã›ã‚“ã€‚ãƒ†ã‚¹ãƒˆã‚’ä¸­æ–­ã—ã¾ã™ã€‚\u001b[0m\n\u001b[31m[2025-04-05T03:18:48.598Z] [ERROR] ãƒ˜ãƒ«ã‚¹ãƒã‚§ãƒƒã‚¯ã‚¨ãƒ©ãƒ¼\u001b[0m\n\u001b[90m[2025-04-05T03:18:48.598Z] [ERROR_DETAILS] Error: API ã‚µãƒ¼ãƒãƒ¼ãŒå¿œç­”ã—ã¾ã›ã‚“\n    at TestRunner.setup (/Users/tatsuya/Desktop/ã‚·ã‚¹ãƒ†ãƒ é–‹ç™º/AppGenius2/patrolmanagement/TestLABO/lib/test-runner.js:78:17)\n    at process.processTicksAndRejections (node:internal/process/task_queues:95:5)\n    at async TestRunner.execute (/Users/tatsuya/Desktop/ã‚·ã‚¹ãƒ†ãƒ é–‹ç™º/AppGenius2/patrolmanagement/TestLABO/lib/test-runner.js:240:7)\n    at async run (/Users/tatsuya/Desktop/ã‚·ã‚¹ãƒ†ãƒ é–‹ç™º/AppGenius2/patrolmanagement/scripts/test-analytics-endpoints.js:311:20)\u001b[0m\n\u001b[31m[2025-04-05T03:18:48.598Z] [ERROR] ãƒ†ã‚¹ãƒˆå®Ÿè¡Œä¸­ã®ã‚¨ãƒ©ãƒ¼\u001b[0m\n\u001b[90m[2025-04-05T03:18:48.598Z] [ERROR_DETAILS] Error: API ã‚µãƒ¼ãƒãƒ¼ãŒå¿œç­”ã—ã¾ã›ã‚“\n    at TestRunner.setup (/Users/tatsuya/Desktop/ã‚·ã‚¹ãƒ†ãƒ é–‹ç™º/AppGenius2/patrolmanagement/TestLABO/lib/test-runner.js:78:17)\n    at process.processTicksAndRejections (node:internal/process/task_queues:95:5)\n    at async TestRunner.execute (/Users/tatsuya/Desktop/ã‚·ã‚¹ãƒ†ãƒ é–‹ç™º/AppGenius2/patrolmanagement/TestLABO/lib/test-runner.js:240:7)\n    at async run (/Users/tatsuya/Desktop/ã‚·ã‚¹ãƒ†ãƒ é–‹ç™º/AppGenius2/patrolmanagement/scripts/test-analytics-endpoints.js:311:20)\u001b[0m\n\u001b[34m[2025-04-05T03:18:48.598Z] [INFO] ===== ãƒ†ã‚¹ãƒˆçµæœã‚µãƒãƒªãƒ¼ =====\u001b[0m\n\u001b[34m[2025-04-05T03:18:48.598Z] [INFO] ãƒ†ã‚¹ãƒˆå: analytics-endpoints-test\u001b[0m\n\u001b[34m[2025-04-05T03:18:48.598Z] [INFO] å®Ÿè¡Œæ™‚é–“: 0.01ç§’\u001b[0m\n\u001b[34m[2025-04-05T03:18:48.598Z] [INFO] å®Ÿè¡Œãƒ†ã‚¹ãƒˆæ•°: 0\u001b[0m\n\u001b[34m[2025-04-05T03:18:48.598Z] [INFO] æˆåŠŸ: 0\u001b[0m\n\u001b[34m[2025-04-05T03:18:48.598Z] [INFO] å¤±æ•—: 0\u001b[0m\n\u001b[34m[2025-04-05T03:18:48.598Z] [INFO] å…¨ä½“çµæœ: æˆåŠŸ\u001b[0m\n\u001b[34m[2025-04-05T03:18:48.599Z] [INFO] ãƒ†ã‚¹ãƒˆãƒ¬ãƒãƒ¼ãƒˆãŒä¿å­˜ã•ã‚Œã¾ã—ãŸ: reports/tests/analytics-endpoints-test-2025-04-05T03-18-48.json\u001b[0m\nãƒ†ã‚¹ãƒˆå®Ÿè¡Œã‚¨ãƒ©ãƒ¼: API ã‚µãƒ¼ãƒãƒ¼ãŒå¿œç­”ã—ã¾ã›ã‚“\n"
    }
  }
}